{"testsuite": {"@errors": "0", "@failures": "1", "@file": ".py", "@name": "TestSequenceFunctions-20200727205149", "@skipped": "1", "@tests": "6", "@time": "0.007", "@timestamp": "2020-07-27T20:51:49", "testcase": [{"@classname": "TestSequenceFunctions", "@file": "main.py", "@line": "45", "@name": "test_choice", "@time": "0.006", "@timestamp": "2020-07-27T20:51:49", "system-out": null, "system-err": null}, {"@classname": "TestSequenceFunctions", "@file": "main.py", "@line": "30", "@name": "test_passed", "@time": "0.000", "@timestamp": "2020-07-27T20:51:49", "system-out": null, "system-err": null}, {"@classname": "TestSequenceFunctions", "@file": "main.py", "@line": "49", "@name": "test_sample", "@time": "0.001", "@timestamp": "2020-07-27T20:51:49", "system-out": null, "system-err": null}, {"@classname": "TestSequenceFunctions", "@file": "main.py", "@line": "36", "@name": "test_shuffle", "@time": "0.000", "@timestamp": "2020-07-27T20:51:49", "system-out": null, "system-err": null}, {"@classname": "TestSequenceFunctions", "@file": "main.py", "@line": "33", "@name": "test_failed", "@time": "0.000", "@timestamp": "2020-07-27T20:51:49", "failure": {"@message": "True is not false : test_failed should be always failed", "@type": "AssertionError", "#text": "Traceback (most recent call last):\n  File \"main.py\", line 34, in test_failed\n    self.assertFalse(True,'test_failed should be always failed')\nAssertionError: True is not false : test_failed should be always failed"}, "system-out": null, "system-err": null}, {"@classname": "TestSequenceFunctions", "@file": "main.py", "@line": "26", "@name": "test_skipped", "@time": "0.000", "@timestamp": "2020-07-27T20:51:49", "skipped": {"@message": "demonstrating skipping", "@type": "skip"}, "system-out": null, "system-err": null}]}}